ERROR:root:Here
ERROR:root:0
WARNING:root:0
WARNING:root:True
ERROR:root:The user is active...
INFO:root:The user is inactive...
ERROR:root:1
WARNING:root:1
WARNING:root:False
ERROR:root:2
WARNING:root:2
WARNING:root:False
ERROR:root:3
WARNING:root:3
WARNING:root:False
ERROR:root:4
WARNING:root:4
WARNING:root:False
ERROR:root:0
WARNING:root:0
WARNING:root:True
ERROR:root:The user is active...
INFO:root:The user is inactive...
ERROR:root:0
WARNING:root:0
WARNING:root:True
ERROR:root:The user is active...
INFO:root:The user is inactive...
ERROR:root:0
WARNING:root:0
WARNING:root:True
ERROR:root:The user is active...
INFO:root:The user is inactive...
ERROR:root:0
WARNING:root:0
WARNING:root:True
ERROR:root:The user is active...
INFO:root:The user is inactive...
ERROR:root:0
WARNING:root:0
WARNING:root:True
ERROR:root:The user is active...
INFO:root:The user is inactive...
ERROR:root:0
WARNING:root:0
WARNING:root:True
ERROR:root:The user is active...
INFO:root:The user is inactive...
ERROR:root:0
WARNING:root:0
WARNING:root:True
ERROR:root:The user is active...
INFO:root:The user is inactive...
ERROR:root:0
WARNING:root:0
WARNING:root:True
ERROR:root:The user is active...
INFO:root:The user is inactive...
ERROR:root:0
WARNING:root:0
WARNING:root:True
ERROR:root:The user is active...
INFO:root:The user is inactive...
ERROR:root:0
WARNING:root:0
WARNING:root:True
ERROR:root:The user is active...
INFO:root:The user is inactive...
ERROR:root:0
WARNING:root:0
WARNING:root:True
ERROR:root:The user is active...
INFO:root:The user is inactive...
ERROR:root:0
WARNING:root:0
WARNING:root:True
ERROR:root:The user is active...
INFO:root:The user is inactive...
ERROR:root:0
WARNING:root:0
WARNING:root:True
ERROR:root:The user is active...
INFO:root:The user is inactive...
ERROR:root:0
WARNING:root:0
WARNING:root:True
ERROR:root:The user is active...
INFO:root:The user is inactive...
ERROR:root:1
WARNING:root:1
WARNING:root:False
ERROR:root:0
WARNING:root:0
WARNING:root:True
ERROR:root:The user is active...
INFO:root:The user is inactive...
ERROR:root:0
WARNING:root:0
WARNING:root:True
ERROR:root:The user is active...
INFO:root:The user is inactive...
ERROR:root:0
WARNING:root:0
WARNING:root:True
ERROR:root:The user is active...
INFO:root:The user is inactive...
ERROR:root:0
WARNING:root:0
WARNING:root:True
ERROR:root:The user is active...
INFO:root:The user is inactive...
ERROR:root:0
WARNING:root:0
WARNING:root:True
ERROR:root:The user is active...
INFO:root:The user is inactive...
ERROR:root:0
WARNING:root:0
WARNING:root:True
ERROR:root:The user is active...
INFO:root:The user is inactive...
ERROR:root:0
WARNING:root:0
WARNING:root:True
ERROR:root:The user is active...
INFO:root:The user is inactive...
ERROR:root:0
WARNING:root:0
WARNING:root:True
ERROR:root:The user is active...
INFO:root:The user is inactive...
ERROR:root:0
WARNING:root:0
WARNING:root:True
ERROR:root:The user is active...
INFO:root:The user is inactive...
ERROR:root:0
WARNING:root:0
WARNING:root:True
ERROR:root:The user is active...
INFO:root:The user is inactive...
ERROR:root:0
WARNING:root:0
WARNING:root:True
ERROR:root:The user is active...
INFO:root:The user is inactive...
ERROR:root:1
WARNING:root:1
WARNING:root:False
ERROR:root:2
WARNING:root:2
WARNING:root:False
